<?xml version="1.0" encoding="UTF-8"?>
<testng-results skipped="0" failed="0" ignored="0" total="2" passed="2">
  <reporter-output>
  </reporter-output>
  <suite name="Suite" duration-ms="38076" started-at="2019-09-10T06:41:53Z" finished-at="2019-09-10T06:42:31Z">
    <groups>
    </groups>
    <test name="Test" duration-ms="38076" started-at="2019-09-10T06:41:53Z" finished-at="2019-09-10T06:42:31Z">
      <class name="testcases.Testcaselogin">
        <test-method status="PASS" signature="launchBrowser()[pri:0, instance:testcases.Testcaselogin@475530b9]" name="launchBrowser" is-config="true" duration-ms="16958" started-at="2019-09-10T06:41:53Z" finished-at="2019-09-10T06:42:10Z">
          <reporter-output>
          </reporter-output>
        </test-method> <!-- launchBrowser -->
        <test-method status="PASS" signature="verifyleaveconfigureholidays()[pri:0, instance:testcases.Testcaselogin@475530b9]" name="verifyleaveconfigureholidays" duration-ms="5959" started-at="2019-09-10T06:42:10Z" finished-at="2019-09-10T06:42:16Z">
          <reporter-output>
          </reporter-output>
        </test-method> <!-- verifyleaveconfigureholidays -->
        <test-method status="PASS" signature="launchBrowser()[pri:0, instance:testcases.Testcaselogin@475530b9]" name="launchBrowser" is-config="true" duration-ms="11356" started-at="2019-09-10T06:42:16Z" finished-at="2019-09-10T06:42:27Z">
          <reporter-output>
          </reporter-output>
        </test-method> <!-- launchBrowser -->
        <test-method status="PASS" signature="verifyrecruitmentpage()[pri:0, instance:testcases.Testcaselogin@475530b9]" name="verifyrecruitmentpage" duration-ms="3061" started-at="2019-09-10T06:42:27Z" finished-at="2019-09-10T06:42:30Z">
          <reporter-output>
          </reporter-output>
        </test-method> <!-- verifyrecruitmentpage -->
      </class> <!-- testcases.Testcaselogin -->
    </test> <!-- Test -->
  </suite> <!-- Suite -->
</testng-results>
