<?xml version="1.0" encoding="UTF-8"?>
<testng-results skipped="0" failed="0" ignored="0" total="2" passed="2">
  <reporter-output>
  </reporter-output>
  <suite name="Default suite" duration-ms="29897" started-at="2019-10-07T04:48:52Z" finished-at="2019-10-07T04:49:22Z">
    <groups>
      <group name="bonding">
        <method signature="Testcaselogin.verifyrecruitmentpage()[pri:0, instance:testcases.Testcaselogin@29626d54]" name="verifyrecruitmentpage" class="testcases.Testcaselogin"/>
      </group> <!-- bonding -->
      <group name="Regression">
        <method signature="Testcaselogin.verifyleaveconfigureholidays()[pri:0, instance:testcases.Testcaselogin@29626d54]" name="verifyleaveconfigureholidays" class="testcases.Testcaselogin"/>
      </group> <!-- Regression -->
    </groups>
    <test name="Default test" duration-ms="29897" started-at="2019-10-07T04:48:52Z" finished-at="2019-10-07T04:49:22Z">
      <class name="testcases.Testcaselogin">
        <test-method status="PASS" signature="launchBrowser()[pri:0, instance:testcases.Testcaselogin@29626d54]" name="launchBrowser" is-config="true" duration-ms="12100" started-at="2019-10-07T04:48:52Z" finished-at="2019-10-07T04:49:04Z">
          <reporter-output>
          </reporter-output>
        </test-method> <!-- launchBrowser -->
        <test-method status="PASS" signature="verifyleaveconfigureholidays()[pri:0, instance:testcases.Testcaselogin@29626d54]" name="verifyleaveconfigureholidays" duration-ms="4305" started-at="2019-10-07T04:49:04Z" finished-at="2019-10-07T04:49:08Z">
          <reporter-output>
          </reporter-output>
        </test-method> <!-- verifyleaveconfigureholidays -->
        <test-method status="PASS" signature="launchBrowser()[pri:0, instance:testcases.Testcaselogin@29626d54]" name="launchBrowser" is-config="true" duration-ms="11218" started-at="2019-10-07T04:49:09Z" finished-at="2019-10-07T04:49:20Z">
          <reporter-output>
          </reporter-output>
        </test-method> <!-- launchBrowser -->
        <test-method status="PASS" signature="verifyrecruitmentpage()[pri:0, instance:testcases.Testcaselogin@29626d54]" name="verifyrecruitmentpage" duration-ms="1539" started-at="2019-10-07T04:49:20Z" finished-at="2019-10-07T04:49:21Z">
          <reporter-output>
          </reporter-output>
        </test-method> <!-- verifyrecruitmentpage -->
      </class> <!-- testcases.Testcaselogin -->
    </test> <!-- Default test -->
  </suite> <!-- Default suite -->
</testng-results>
