<?xml version="1.0" encoding="UTF-8"?>
<testng-results ignored="0" total="2" passed="2" failed="0" skipped="0">
  <reporter-output>
  </reporter-output>
  <suite started-at="2019-09-05T12:02:35Z" name="Default suite" finished-at="2019-09-05T12:03:02Z" duration-ms="27623">
    <groups>
    </groups>
    <test started-at="2019-09-05T12:02:35Z" name="Default test" finished-at="2019-09-05T12:03:02Z" duration-ms="27623">
      <class name="testcases.Testcaselogin">
        <test-method is-config="true" signature="launchBrowser()[pri:0, instance:testcases.Testcaselogin@3745e5c6]" started-at="2019-09-05T12:02:35Z" name="launchBrowser" finished-at="2019-09-05T12:02:44Z" duration-ms="9375" status="PASS">
          <reporter-output>
          </reporter-output>
        </test-method> <!-- launchBrowser -->
        <test-method signature="verifyleaveconfigureholidays()[pri:0, instance:testcases.Testcaselogin@3745e5c6]" started-at="2019-09-05T12:02:44Z" name="verifyleaveconfigureholidays" finished-at="2019-09-05T12:02:50Z" duration-ms="5632" status="PASS">
          <reporter-output>
          </reporter-output>
        </test-method> <!-- verifyleaveconfigureholidays -->
        <test-method is-config="true" signature="launchBrowser()[pri:0, instance:testcases.Testcaselogin@3745e5c6]" started-at="2019-09-05T12:02:50Z" name="launchBrowser" finished-at="2019-09-05T12:02:59Z" duration-ms="8577" status="PASS">
          <reporter-output>
          </reporter-output>
        </test-method> <!-- launchBrowser -->
        <test-method signature="verifyrecruitmentpage()[pri:0, instance:testcases.Testcaselogin@3745e5c6]" started-at="2019-09-05T12:02:59Z" name="verifyrecruitmentpage" finished-at="2019-09-05T12:03:02Z" duration-ms="3218" status="PASS">
          <reporter-output>
          </reporter-output>
        </test-method> <!-- verifyrecruitmentpage -->
      </class> <!-- testcases.Testcaselogin -->
    </test> <!-- Default test -->
  </suite> <!-- Default suite -->
</testng-results>
